INST e_Hough__GB5 PIN 5: INST e_Hough__GB5 PIN 11 TYPE 2 INST e_Hough__GB10 PIN 2245 TYPE 4 INST e_Hough__GB5 PIN 13 TYPE 2 INST e_Hough__GB10 PIN 2247 TYPE 4 INST e_Hough__GB5 PIN 15 TYPE 2 INST e_Hough__GB10 PIN 2251 TYPE 4
INST e_Hough__GB5 PIN 12: INST e_Hough__GB5 PIN 14 TYPE 2 INST e_Hough__GB10 PIN 2250 TYPE 4 INST e_Hough__GB5 PIN 6 TYPE 2 INST e_Hough__GB10 PIN 2638 TYPE 4 INST e_Hough__GB5 PIN 7 TYPE 2 INST e_Hough__GB10 PIN 2639 TYPE 4
INST e_Hough__GB7 PIN 0: INST e_Hough__GB7 PIN 4 TYPE 2 INST e_Hough__GB10 PIN 2256 TYPE 4 INST e_Hough__GB7 PIN 5 TYPE 2 INST e_Hough__GB10 PIN 2257 TYPE 4
INST e_Hough__GB5 PIN 2: INST e_Hough__GB5 PIN 4 TYPE 2 INST e_Hough__GB10 PIN 2265 TYPE 4
INST e_Hough__GB6 PIN 0: INST e_Hough__GB6 PIN 1 TYPE 2 INST e_Hough__GB10 PIN 2624 TYPE 4
INST e_Hough__GB7 PIN 2: INST e_Hough__GB7 PIN 3 TYPE 2 INST e_Hough__GB10 PIN 2628 TYPE 4
INST e_Hough__GB5 PIN 16: INST e_Hough__GB5 PIN 18 TYPE 2 INST e_Hough__GB10 PIN 2631 TYPE 4
INST e_Hough__GB5 PIN 8: INST e_Hough__GB5 PIN 10 TYPE 2 INST e_Hough__GB10 PIN 2642 TYPE 4
INST e_Hough__GB11 PIN 1: INST e_Hough__GB11 PIN 2 TYPE 2 INST e_Hough__GB18 PIN 2842 TYPE 4 INST e_Hough__GB17 PIN 1006 TYPE 4 INST e_Hough__GB11 PIN 13 TYPE 2 INST e_Hough__GB18 PIN 2838 TYPE 4 INST e_Hough__GB11 PIN 15 TYPE 2 INST e_Hough__GB18 PIN 2847 TYPE 4 INST e_Hough__GB11 PIN 17 TYPE 2 INST e_Hough__GB18 PIN 2849 TYPE 4 INST e_Hough__GB11 PIN 18 TYPE 2 INST e_Hough__GB18 PIN 2850 TYPE 4 INST e_Hough__GB11 PIN 19 TYPE 2 INST e_Hough__GB18 PIN 2851 TYPE 4 INST e_Hough__GB11 PIN 5 TYPE 2 INST e_Hough__GB18 PIN 2864 TYPE 4 INST e_Hough__GB11 PIN 11 TYPE 2 INST e_Hough__GB19 PIN 5983 TYPE 4 INST e_Hough__GB11 PIN 9 TYPE 2 INST e_Hough__GB19 PIN 5992 TYPE 4
INST e_Hough__GB5 PIN 0: INST e_Hough__GB5 PIN 1 TYPE 2 INST e_Hough__GB9 PIN 2486 TYPE 4
INST e_Hough__GB11 PIN 0: INST e_Hough__GB11 PIN 12 TYPE 2 INST e_Hough__GB18 PIN 2837 TYPE 4 INST e_Hough__GB11 PIN 14 TYPE 2 INST e_Hough__GB18 PIN 2839 TYPE 4 INST e_Hough__GB11 PIN 16 TYPE 2 INST e_Hough__GB18 PIN 2848 TYPE 4 INST e_Hough__GB11 PIN 20 TYPE 2 INST e_Hough__GB18 PIN 2852 TYPE 4 INST e_Hough__GB11 PIN 3 TYPE 2 INST e_Hough__GB18 PIN 2862 TYPE 4 INST e_Hough__GB11 PIN 4 TYPE 2 INST e_Hough__GB18 PIN 2863 TYPE 4 INST e_Hough__GB11 PIN 10 TYPE 2 INST e_Hough__GB19 PIN 5982 TYPE 4 INST e_Hough__GB11 PIN 8 TYPE 2 INST e_Hough__GB19 PIN 5991 TYPE 4
INST e_Hough__GB12 PIN 0: INST e_Hough__GB12 PIN 2 TYPE 2 INST e_Hough__GB20 PIN 5477 TYPE 4 INST e_Hough__GB18 PIN 2845 TYPE 4 INST e_Hough__GB12 PIN 1 TYPE 2 INST e_Hough__GB18 PIN 2854 TYPE 4 INST e_Hough__GB12 PIN 5 TYPE 2 INST e_Hough__GB18 PIN 2857 TYPE 4
INST e_Hough__GB12 PIN 3: INST e_Hough__GB12 PIN 4 TYPE 2 INST e_Hough__GB18 PIN 2856 TYPE 4
INST e_Hough__GB14 PIN 23: INST e_Hough__GB14 PIN 6 TYPE 2 INST e_Hough__GB19 PIN 5989 TYPE 4 INST e_Hough__GB18 PIN 2861 TYPE 4 INST e_Hough__GB14 PIN 7 TYPE 2 INST e_Hough__GB20 PIN 5482 TYPE 4
INST e_Hough__GB14 PIN 5: INST e_Hough__GB14 PIN 11 TYPE 2 INST e_Hough__GB20 PIN 5481 TYPE 4
INST e_Hough__GB1 PIN 50: INST e_Hough__GB1 PIN 51 TYPE 2 INST e_Hough__GB2 PIN 826 TYPE 4
INST e_Hough__GB4 PIN 8: INST e_Hough__GB4 PIN 81 TYPE 2 INST e_Hough__GB2 PIN 828 TYPE 4
INST e_Hough__GB0 PIN 0: INST e_Hough__GB0 PIN 10 TYPE 2 INST e_Hough__GB2 PIN 832 TYPE 4 INST e_Hough__GB0 PIN 2 TYPE 2 INST e_Hough__GB2 PIN 836 TYPE 4 INST e_Hough__GB0 PIN 4 TYPE 2 INST e_Hough__GB2 PIN 843 TYPE 4 INST e_Hough__GB0 PIN 5 TYPE 2 INST e_Hough__GB2 PIN 844 TYPE 4
INST e_Hough__GB0 PIN 9: INST e_Hough__GB0 PIN 1 TYPE 2 INST e_Hough__GB2 PIN 835 TYPE 4 INST e_Hough__GB0 PIN 3 TYPE 2 INST e_Hough__GB2 PIN 842 TYPE 4
INST e_Hough__GB0 PIN 11: INST e_Hough__GB0 PIN 12 TYPE 2 INST e_Hough__GB2 PIN 838 TYPE 4 INST e_Hough__GB0 PIN 16 TYPE 2 INST e_Hough__GB2 PIN 856 TYPE 4 INST e_Hough__GB0 PIN 18 TYPE 2 INST e_Hough__GB2 PIN 858 TYPE 4
INST e_Hough__GB1 PIN 78: INST e_Hough__GB1 PIN 79 TYPE 2 INST e_Hough__GB2 PIN 847 TYPE 4
INST e_Hough__GB4 PIN 278: INST e_Hough__GB4 PIN 279 TYPE 2 INST e_Hough__GB2 PIN 849 TYPE 4
INST e_Hough__GB0 PIN 6: INST e_Hough__GB0 PIN 8 TYPE 2 INST e_Hough__GB2 PIN 852 TYPE 4
INST e_Hough__GB0 PIN 13: INST e_Hough__GB0 PIN 14 TYPE 2 INST e_Hough__GB2 PIN 854 TYPE 4 INST e_Hough__GB0 PIN 15 TYPE 2 INST e_Hough__GB2 PIN 855 TYPE 4 INST e_Hough__GB0 PIN 17 TYPE 2 INST e_Hough__GB2 PIN 857 TYPE 4 INST e_Hough__GB0 PIN 19 TYPE 2 INST e_Hough__GB2 PIN 859 TYPE 4
INST e_Hough__GB3 PIN 8: INST e_Hough__GB3 PIN 44 TYPE 2 INST e_Hough__GB2 PIN 862 TYPE 4 INST e_Hough__GB3 PIN 46 TYPE 2 INST e_Hough__GB2 PIN 864 TYPE 4
INST e_Hough__GB3 PIN 9: INST e_Hough__GB3 PIN 45 TYPE 2 INST e_Hough__GB2 PIN 863 TYPE 4
INST e_Hough__GB2 PIN 826: GENOME e_Hough__GB2 PIN 826 INST e_Hough__GB1 PIN 50 TYPE 5
INST e_Hough__GB2 PIN 825: GENOME e_Hough__GB2 PIN 825
INST e_Hough__GB2 PIN 834: GENOME e_Hough__GB2 PIN 834 INST e_Hough__GB0 PIN 0 TYPE 5
INST e_Hough__GB2 PIN 832: GENOME e_Hough__GB2 PIN 832
INST e_Hough__GB2 PIN 835: GENOME e_Hough__GB2 PIN 835 INST e_Hough__GB0 PIN 9 TYPE 5
INST e_Hough__GB2 PIN 831: GENOME e_Hough__GB2 PIN 831
INST e_Hough__GB2 PIN 836: GENOME e_Hough__GB2 PIN 836 INST e_Hough__GB0 PIN 0 TYPE 5
INST e_Hough__GB2 PIN 838: GENOME e_Hough__GB2 PIN 838 INST e_Hough__GB0 PIN 11 TYPE 5
INST e_Hough__GB2 PIN 837: GENOME e_Hough__GB2 PIN 837
INST e_Hough__GB2 PIN 842: GENOME e_Hough__GB2 PIN 842 INST e_Hough__GB0 PIN 9 TYPE 5
INST e_Hough__GB2 PIN 843: GENOME e_Hough__GB2 PIN 843 INST e_Hough__GB0 PIN 0 TYPE 5
INST e_Hough__GB2 PIN 844: GENOME e_Hough__GB2 PIN 844 INST e_Hough__GB0 PIN 0 TYPE 5
INST e_Hough__GB2 PIN 847: GENOME e_Hough__GB2 PIN 847 INST e_Hough__GB1 PIN 78 TYPE 5
INST e_Hough__GB2 PIN 846: GENOME e_Hough__GB2 PIN 846
INST e_Hough__GB2 PIN 849: GENOME e_Hough__GB2 PIN 849 INST e_Hough__GB4 PIN 278 TYPE 5
INST e_Hough__GB2 PIN 848: GENOME e_Hough__GB2 PIN 848
INST e_Hough__GB2 PIN 852: GENOME e_Hough__GB2 PIN 852 INST e_Hough__GB0 PIN 6 TYPE 5
INST e_Hough__GB2 PIN 850: GENOME e_Hough__GB2 PIN 850
INST e_Hough__GB2 PIN 853: GENOME e_Hough__GB2 PIN 853 INST e_Hough__GB4 PIN 8 TYPE 5
INST e_Hough__GB2 PIN 828: GENOME e_Hough__GB2 PIN 828
INST e_Hough__GB2 PIN 854: GENOME e_Hough__GB2 PIN 854 INST e_Hough__GB0 PIN 13 TYPE 5
INST e_Hough__GB2 PIN 839: GENOME e_Hough__GB2 PIN 839
INST e_Hough__GB2 PIN 855: GENOME e_Hough__GB2 PIN 855 INST e_Hough__GB0 PIN 13 TYPE 5
INST e_Hough__GB2 PIN 856: GENOME e_Hough__GB2 PIN 856 INST e_Hough__GB0 PIN 11 TYPE 5
INST e_Hough__GB2 PIN 857: GENOME e_Hough__GB2 PIN 857 INST e_Hough__GB0 PIN 13 TYPE 5
INST e_Hough__GB2 PIN 858: GENOME e_Hough__GB2 PIN 858 INST e_Hough__GB0 PIN 11 TYPE 5
INST e_Hough__GB2 PIN 859: GENOME e_Hough__GB2 PIN 859 INST e_Hough__GB0 PIN 13 TYPE 5
INST e_Hough__GB2 PIN 862: GENOME e_Hough__GB2 PIN 862 INST e_Hough__GB3 PIN 8 TYPE 5
INST e_Hough__GB2 PIN 840: GENOME e_Hough__GB2 PIN 840
INST e_Hough__GB2 PIN 863: GENOME e_Hough__GB2 PIN 863 INST e_Hough__GB3 PIN 9 TYPE 5
INST e_Hough__GB2 PIN 841: GENOME e_Hough__GB2 PIN 841
INST e_Hough__GB2 PIN 864: GENOME e_Hough__GB2 PIN 864 INST e_Hough__GB3 PIN 8 TYPE 5
GENOME NON_GENOME PIN 825: GENOME NON_GENOME PIN 826
GENOME NON_GENOME PIN 826: GENOME NON_GENOME PIN 825
GENOME NON_GENOME PIN 832: GENOME NON_GENOME PIN 834 GENOME NON_GENOME PIN 836 GENOME NON_GENOME PIN 843 GENOME NON_GENOME PIN 844
GENOME NON_GENOME PIN 834: GENOME NON_GENOME PIN 832
GENOME NON_GENOME PIN 831: GENOME NON_GENOME PIN 835 GENOME NON_GENOME PIN 842
GENOME NON_GENOME PIN 835: GENOME NON_GENOME PIN 831
GENOME NON_GENOME PIN 836: GENOME NON_GENOME PIN 832
GENOME NON_GENOME PIN 837: GENOME NON_GENOME PIN 838 GENOME NON_GENOME PIN 856 GENOME NON_GENOME PIN 858
GENOME NON_GENOME PIN 838: GENOME NON_GENOME PIN 837
GENOME NON_GENOME PIN 842: GENOME NON_GENOME PIN 831
GENOME NON_GENOME PIN 843: GENOME NON_GENOME PIN 832
GENOME NON_GENOME PIN 844: GENOME NON_GENOME PIN 832
GENOME NON_GENOME PIN 846: GENOME NON_GENOME PIN 847
GENOME NON_GENOME PIN 847: GENOME NON_GENOME PIN 846
GENOME NON_GENOME PIN 848: GENOME NON_GENOME PIN 849
GENOME NON_GENOME PIN 849: GENOME NON_GENOME PIN 848
GENOME NON_GENOME PIN 850: GENOME NON_GENOME PIN 852
GENOME NON_GENOME PIN 852: GENOME NON_GENOME PIN 850
GENOME NON_GENOME PIN 828: GENOME NON_GENOME PIN 853
GENOME NON_GENOME PIN 853: GENOME NON_GENOME PIN 828
GENOME NON_GENOME PIN 839: GENOME NON_GENOME PIN 854 GENOME NON_GENOME PIN 855 GENOME NON_GENOME PIN 857 GENOME NON_GENOME PIN 859
GENOME NON_GENOME PIN 854: GENOME NON_GENOME PIN 839
GENOME NON_GENOME PIN 855: GENOME NON_GENOME PIN 839
GENOME NON_GENOME PIN 856: GENOME NON_GENOME PIN 837
GENOME NON_GENOME PIN 857: GENOME NON_GENOME PIN 839
GENOME NON_GENOME PIN 858: GENOME NON_GENOME PIN 837
GENOME NON_GENOME PIN 859: GENOME NON_GENOME PIN 839
GENOME NON_GENOME PIN 840: GENOME NON_GENOME PIN 862 GENOME NON_GENOME PIN 864
GENOME NON_GENOME PIN 862: GENOME NON_GENOME PIN 840
GENOME NON_GENOME PIN 841: GENOME NON_GENOME PIN 863
GENOME NON_GENOME PIN 863: GENOME NON_GENOME PIN 841
GENOME NON_GENOME PIN 864: GENOME NON_GENOME PIN 840
INST e_Hough__GB18 PIN 2839: GENOME e_Hough__GB18 PIN 2839 INST e_Hough__GB11 PIN 0 TYPE 5
INST e_Hough__GB18 PIN 2837: GENOME e_Hough__GB18 PIN 2837
INST e_Hough__GB18 PIN 2840: GENOME e_Hough__GB18 PIN 2840 INST e_Hough__GB11 PIN 0 TYPE 5
INST e_Hough__GB18 PIN 2841: GENOME e_Hough__GB18 PIN 2841 INST e_Hough__GB11 PIN 1 TYPE 5
INST e_Hough__GB18 PIN 2838: GENOME e_Hough__GB18 PIN 2838
INST e_Hough__GB18 PIN 2842: GENOME e_Hough__GB18 PIN 2842 INST e_Hough__GB11 PIN 1 TYPE 5
INST e_Hough__GB18 PIN 2847: GENOME e_Hough__GB18 PIN 2847 INST e_Hough__GB11 PIN 1 TYPE 5
INST e_Hough__GB18 PIN 2848: GENOME e_Hough__GB18 PIN 2848 INST e_Hough__GB11 PIN 0 TYPE 5
INST e_Hough__GB18 PIN 2849: GENOME e_Hough__GB18 PIN 2849 INST e_Hough__GB11 PIN 1 TYPE 5
INST e_Hough__GB18 PIN 2850: GENOME e_Hough__GB18 PIN 2850 INST e_Hough__GB11 PIN 1 TYPE 5
INST e_Hough__GB18 PIN 2851: GENOME e_Hough__GB18 PIN 2851 INST e_Hough__GB11 PIN 1 TYPE 5
INST e_Hough__GB18 PIN 2852: GENOME e_Hough__GB18 PIN 2852 INST e_Hough__GB11 PIN 0 TYPE 5
INST e_Hough__GB18 PIN 2853: GENOME e_Hough__GB18 PIN 2853 INST e_Hough__GB12 PIN 0 TYPE 5
INST e_Hough__GB18 PIN 2845: GENOME e_Hough__GB18 PIN 2845
INST e_Hough__GB18 PIN 2854: GENOME e_Hough__GB18 PIN 2854 INST e_Hough__GB12 PIN 0 TYPE 5
INST e_Hough__GB18 PIN 2856: GENOME e_Hough__GB18 PIN 2856 INST e_Hough__GB12 PIN 3 TYPE 5
INST e_Hough__GB18 PIN 2846: GENOME e_Hough__GB18 PIN 2846
INST e_Hough__GB18 PIN 2857: GENOME e_Hough__GB18 PIN 2857 INST e_Hough__GB12 PIN 0 TYPE 5
INST e_Hough__GB18 PIN 2861: GENOME e_Hough__GB18 PIN 2861 INST e_Hough__GB14 PIN 23 TYPE 5
INST e_Hough__GB18 PIN 2859: GENOME e_Hough__GB18 PIN 2859
INST e_Hough__GB18 PIN 2862: GENOME e_Hough__GB18 PIN 2862 INST e_Hough__GB11 PIN 0 TYPE 5
INST e_Hough__GB18 PIN 2863: GENOME e_Hough__GB18 PIN 2863 INST e_Hough__GB11 PIN 0 TYPE 5
INST e_Hough__GB18 PIN 2864: GENOME e_Hough__GB18 PIN 2864 INST e_Hough__GB11 PIN 1 TYPE 5
GENOME NON_GENOME PIN 2837: GENOME NON_GENOME PIN 2839 GENOME NON_GENOME PIN 2840 GENOME NON_GENOME PIN 2848 GENOME NON_GENOME PIN 2852 GENOME NON_GENOME PIN 2862 GENOME NON_GENOME PIN 2863
GENOME NON_GENOME PIN 2839: GENOME NON_GENOME PIN 2837
GENOME NON_GENOME PIN 2840: GENOME NON_GENOME PIN 2837
GENOME NON_GENOME PIN 2838: GENOME NON_GENOME PIN 2841 GENOME NON_GENOME PIN 2842 GENOME NON_GENOME PIN 2847 GENOME NON_GENOME PIN 2849 GENOME NON_GENOME PIN 2850 GENOME NON_GENOME PIN 2851 GENOME NON_GENOME PIN 2864
GENOME NON_GENOME PIN 2841: GENOME NON_GENOME PIN 2838
GENOME NON_GENOME PIN 2842: GENOME NON_GENOME PIN 2838
GENOME NON_GENOME PIN 2847: GENOME NON_GENOME PIN 2838
GENOME NON_GENOME PIN 2848: GENOME NON_GENOME PIN 2837
GENOME NON_GENOME PIN 2849: GENOME NON_GENOME PIN 2838
GENOME NON_GENOME PIN 2850: GENOME NON_GENOME PIN 2838
GENOME NON_GENOME PIN 2851: GENOME NON_GENOME PIN 2838
GENOME NON_GENOME PIN 2852: GENOME NON_GENOME PIN 2837
GENOME NON_GENOME PIN 2845: GENOME NON_GENOME PIN 2853 GENOME NON_GENOME PIN 2854 GENOME NON_GENOME PIN 2857
GENOME NON_GENOME PIN 2853: GENOME NON_GENOME PIN 2845
GENOME NON_GENOME PIN 2854: GENOME NON_GENOME PIN 2845
GENOME NON_GENOME PIN 2846: GENOME NON_GENOME PIN 2856
GENOME NON_GENOME PIN 2856: GENOME NON_GENOME PIN 2846
GENOME NON_GENOME PIN 2857: GENOME NON_GENOME PIN 2845
GENOME NON_GENOME PIN 2859: GENOME NON_GENOME PIN 2861
GENOME NON_GENOME PIN 2861: GENOME NON_GENOME PIN 2859
GENOME NON_GENOME PIN 2862: GENOME NON_GENOME PIN 2837
GENOME NON_GENOME PIN 2863: GENOME NON_GENOME PIN 2837
GENOME NON_GENOME PIN 2864: GENOME NON_GENOME PIN 2838
INST e_Hough__GB10 PIN 2247: GENOME e_Hough__GB10 PIN 2247 INST e_Hough__GB5 PIN 5 TYPE 5
INST e_Hough__GB10 PIN 2245: GENOME e_Hough__GB10 PIN 2245
INST e_Hough__GB10 PIN 2250: GENOME e_Hough__GB10 PIN 2250 INST e_Hough__GB5 PIN 12 TYPE 5
INST e_Hough__GB10 PIN 2246: GENOME e_Hough__GB10 PIN 2246
INST e_Hough__GB10 PIN 2251: GENOME e_Hough__GB10 PIN 2251 INST e_Hough__GB5 PIN 5 TYPE 5
INST e_Hough__GB10 PIN 2257: GENOME e_Hough__GB10 PIN 2257 INST e_Hough__GB7 PIN 0 TYPE 5
INST e_Hough__GB10 PIN 2256: GENOME e_Hough__GB10 PIN 2256
INST e_Hough__GB10 PIN 2261: GENOME e_Hough__GB10 PIN 2261 INST e_Hough__GB7 PIN 0 TYPE 5
INST e_Hough__GB10 PIN 2265: GENOME e_Hough__GB10 PIN 2265 INST e_Hough__GB5 PIN 2 TYPE 5
INST e_Hough__GB10 PIN 2263: GENOME e_Hough__GB10 PIN 2263
INST e_Hough__GB10 PIN 2624: GENOME e_Hough__GB10 PIN 2624 INST e_Hough__GB6 PIN 0 TYPE 5
INST e_Hough__GB10 PIN 2623: GENOME e_Hough__GB10 PIN 2623
INST e_Hough__GB10 PIN 2628: GENOME e_Hough__GB10 PIN 2628 INST e_Hough__GB7 PIN 2 TYPE 5
INST e_Hough__GB10 PIN 2627: GENOME e_Hough__GB10 PIN 2627
INST e_Hough__GB10 PIN 2631: GENOME e_Hough__GB10 PIN 2631 INST e_Hough__GB5 PIN 16 TYPE 5
INST e_Hough__GB10 PIN 2629: GENOME e_Hough__GB10 PIN 2629
INST e_Hough__GB10 PIN 2637: GENOME e_Hough__GB10 PIN 2637 INST e_Hough__GB5 PIN 5 TYPE 5
INST e_Hough__GB10 PIN 2638: GENOME e_Hough__GB10 PIN 2638 INST e_Hough__GB5 PIN 12 TYPE 5
INST e_Hough__GB10 PIN 2639: GENOME e_Hough__GB10 PIN 2639 INST e_Hough__GB5 PIN 12 TYPE 5
INST e_Hough__GB10 PIN 2642: GENOME e_Hough__GB10 PIN 2642 INST e_Hough__GB5 PIN 8 TYPE 5
INST e_Hough__GB10 PIN 2640: GENOME e_Hough__GB10 PIN 2640
GENOME NON_GENOME PIN 2245: GENOME NON_GENOME PIN 2247 GENOME NON_GENOME PIN 2251 GENOME NON_GENOME PIN 2637
GENOME NON_GENOME PIN 2247: GENOME NON_GENOME PIN 2245
GENOME NON_GENOME PIN 2246: GENOME NON_GENOME PIN 2250 GENOME NON_GENOME PIN 2638 GENOME NON_GENOME PIN 2639
GENOME NON_GENOME PIN 2250: GENOME NON_GENOME PIN 2246
GENOME NON_GENOME PIN 2251: GENOME NON_GENOME PIN 2245
GENOME NON_GENOME PIN 2256: GENOME NON_GENOME PIN 2257 GENOME NON_GENOME PIN 2261
GENOME NON_GENOME PIN 2257: GENOME NON_GENOME PIN 2256
GENOME NON_GENOME PIN 2261: GENOME NON_GENOME PIN 2256
GENOME NON_GENOME PIN 2263: GENOME NON_GENOME PIN 2265
GENOME NON_GENOME PIN 2265: GENOME NON_GENOME PIN 2263
GENOME NON_GENOME PIN 2623: GENOME NON_GENOME PIN 2624
GENOME NON_GENOME PIN 2624: GENOME NON_GENOME PIN 2623
GENOME NON_GENOME PIN 2627: GENOME NON_GENOME PIN 2628
GENOME NON_GENOME PIN 2628: GENOME NON_GENOME PIN 2627
GENOME NON_GENOME PIN 2629: GENOME NON_GENOME PIN 2631
GENOME NON_GENOME PIN 2631: GENOME NON_GENOME PIN 2629
GENOME NON_GENOME PIN 2637: GENOME NON_GENOME PIN 2245
GENOME NON_GENOME PIN 2638: GENOME NON_GENOME PIN 2246
GENOME NON_GENOME PIN 2639: GENOME NON_GENOME PIN 2246
GENOME NON_GENOME PIN 2640: GENOME NON_GENOME PIN 2642
GENOME NON_GENOME PIN 2642: GENOME NON_GENOME PIN 2640
INST e_Hough__GB11 PIN 2: GENOME e_Hough__GB11 PIN 2
INST e_Hough__GB11 PIN 3: GENOME e_Hough__GB11 PIN 3
INST e_Hough__GB11 PIN 4: GENOME e_Hough__GB11 PIN 4
INST e_Hough__GB11 PIN 5: GENOME e_Hough__GB11 PIN 5
INST e_Hough__GB11 PIN 8: GENOME e_Hough__GB11 PIN 8
INST e_Hough__GB11 PIN 9: GENOME e_Hough__GB11 PIN 9
INST e_Hough__GB11 PIN 10: GENOME e_Hough__GB11 PIN 10
INST e_Hough__GB11 PIN 11: GENOME e_Hough__GB11 PIN 11
INST e_Hough__GB11 PIN 12: GENOME e_Hough__GB11 PIN 12
INST e_Hough__GB11 PIN 13: GENOME e_Hough__GB11 PIN 13
INST e_Hough__GB11 PIN 14: GENOME e_Hough__GB11 PIN 14
INST e_Hough__GB11 PIN 15: GENOME e_Hough__GB11 PIN 15
INST e_Hough__GB11 PIN 16: GENOME e_Hough__GB11 PIN 16
INST e_Hough__GB11 PIN 17: GENOME e_Hough__GB11 PIN 17
INST e_Hough__GB11 PIN 18: GENOME e_Hough__GB11 PIN 18
INST e_Hough__GB11 PIN 19: GENOME e_Hough__GB11 PIN 19
INST e_Hough__GB11 PIN 20: GENOME e_Hough__GB11 PIN 20
GENOME NON_GENOME PIN 0: GENOME NON_GENOME PIN 1 GENOME NON_GENOME PIN 3 GENOME NON_GENOME PIN 4 GENOME NON_GENOME PIN 8 GENOME NON_GENOME PIN 10 GENOME NON_GENOME PIN 12 GENOME NON_GENOME PIN 14 GENOME NON_GENOME PIN 16 GENOME NON_GENOME PIN 20 GENOME NON_GENOME PIN 2 GENOME NON_GENOME PIN 5 GENOME NON_GENOME PIN 9
GENOME NON_GENOME PIN 1: GENOME NON_GENOME PIN 0 GENOME NON_GENOME PIN 2 GENOME NON_GENOME PIN 5 GENOME NON_GENOME PIN 9 GENOME NON_GENOME PIN 11 GENOME NON_GENOME PIN 13 GENOME NON_GENOME PIN 15 GENOME NON_GENOME PIN 17 GENOME NON_GENOME PIN 18 GENOME NON_GENOME PIN 19
GENOME NON_GENOME PIN 2: GENOME NON_GENOME PIN 1 GENOME NON_GENOME PIN 0 GENOME NON_GENOME PIN 4 GENOME NON_GENOME PIN 3
GENOME NON_GENOME PIN 3: GENOME NON_GENOME PIN 0 GENOME NON_GENOME PIN 9 GENOME NON_GENOME PIN 4 GENOME NON_GENOME PIN 2
GENOME NON_GENOME PIN 4: GENOME NON_GENOME PIN 0 GENOME NON_GENOME PIN 2 GENOME NON_GENOME PIN 3 GENOME NON_GENOME PIN 5
GENOME NON_GENOME PIN 5: GENOME NON_GENOME PIN 1 GENOME NON_GENOME PIN 0 GENOME NON_GENOME PIN 11 GENOME NON_GENOME PIN 12 GENOME NON_GENOME PIN 13 GENOME NON_GENOME PIN 15 GENOME NON_GENOME PIN 23 GENOME NON_GENOME PIN 4
GENOME NON_GENOME PIN 6: GENOME NON_GENOME PIN 7 GENOME NON_GENOME PIN 8 GENOME NON_GENOME PIN 12 GENOME NON_GENOME PIN 23
GENOME NON_GENOME PIN 7: GENOME NON_GENOME PIN 6 GENOME NON_GENOME PIN 12 GENOME NON_GENOME PIN 23
GENOME NON_GENOME PIN 8: GENOME NON_GENOME PIN 0 GENOME NON_GENOME PIN 6 GENOME NON_GENOME PIN 10 GENOME NON_GENOME PIN 44 GENOME NON_GENOME PIN 46 GENOME NON_GENOME PIN 81
GENOME NON_GENOME PIN 9: GENOME NON_GENOME PIN 1 GENOME NON_GENOME PIN 3 GENOME NON_GENOME PIN 0 GENOME NON_GENOME PIN 45
GENOME NON_GENOME PIN 10: GENOME NON_GENOME PIN 0 GENOME NON_GENOME PIN 8 GENOME NON_GENOME PIN 11
GENOME NON_GENOME PIN 11: GENOME NON_GENOME PIN 1 GENOME NON_GENOME PIN 12 GENOME NON_GENOME PIN 13 GENOME NON_GENOME PIN 16 GENOME NON_GENOME PIN 18 GENOME NON_GENOME PIN 5 GENOME NON_GENOME PIN 10
GENOME NON_GENOME PIN 12: GENOME NON_GENOME PIN 0 GENOME NON_GENOME PIN 11 GENOME NON_GENOME PIN 6 GENOME NON_GENOME PIN 7 GENOME NON_GENOME PIN 5 GENOME NON_GENOME PIN 14
GENOME NON_GENOME PIN 13: GENOME NON_GENOME PIN 1 GENOME NON_GENOME PIN 11 GENOME NON_GENOME PIN 14 GENOME NON_GENOME PIN 15 GENOME NON_GENOME PIN 17 GENOME NON_GENOME PIN 19 GENOME NON_GENOME PIN 5
GENOME NON_GENOME PIN 14: GENOME NON_GENOME PIN 0 GENOME NON_GENOME PIN 13 GENOME NON_GENOME PIN 12
GENOME NON_GENOME PIN 15: GENOME NON_GENOME PIN 1 GENOME NON_GENOME PIN 13 GENOME NON_GENOME PIN 5
GENOME NON_GENOME PIN 16: GENOME NON_GENOME PIN 0 GENOME NON_GENOME PIN 11 GENOME NON_GENOME PIN 17 GENOME NON_GENOME PIN 18
GENOME NON_GENOME PIN 17: GENOME NON_GENOME PIN 1 GENOME NON_GENOME PIN 13 GENOME NON_GENOME PIN 16
GENOME NON_GENOME PIN 18: GENOME NON_GENOME PIN 1 GENOME NON_GENOME PIN 11 GENOME NON_GENOME PIN 16
GENOME NON_GENOME PIN 19: GENOME NON_GENOME PIN 1 GENOME NON_GENOME PIN 13
GENOME NON_GENOME PIN 20: GENOME NON_GENOME PIN 0
INST e_Hough__GB0 PIN 1: GENOME e_Hough__GB0 PIN 1
INST e_Hough__GB0 PIN 2: GENOME e_Hough__GB0 PIN 2
INST e_Hough__GB0 PIN 3: GENOME e_Hough__GB0 PIN 3
INST e_Hough__GB0 PIN 4: GENOME e_Hough__GB0 PIN 4
INST e_Hough__GB0 PIN 5: GENOME e_Hough__GB0 PIN 5
INST e_Hough__GB0 PIN 8: GENOME e_Hough__GB0 PIN 8
INST e_Hough__GB0 PIN 10: GENOME e_Hough__GB0 PIN 10
INST e_Hough__GB0 PIN 12: GENOME e_Hough__GB0 PIN 12
INST e_Hough__GB0 PIN 14: GENOME e_Hough__GB0 PIN 14
INST e_Hough__GB0 PIN 15: GENOME e_Hough__GB0 PIN 15
INST e_Hough__GB0 PIN 16: GENOME e_Hough__GB0 PIN 16
INST e_Hough__GB0 PIN 17: GENOME e_Hough__GB0 PIN 17
INST e_Hough__GB0 PIN 18: GENOME e_Hough__GB0 PIN 18
INST e_Hough__GB0 PIN 19: GENOME e_Hough__GB0 PIN 19
INST e_Hough__GB5 PIN 1: GENOME e_Hough__GB5 PIN 1
INST e_Hough__GB5 PIN 4: GENOME e_Hough__GB5 PIN 4
INST e_Hough__GB5 PIN 6: GENOME e_Hough__GB5 PIN 6
INST e_Hough__GB5 PIN 7: GENOME e_Hough__GB5 PIN 7
INST e_Hough__GB5 PIN 10: GENOME e_Hough__GB5 PIN 10
INST e_Hough__GB5 PIN 11: GENOME e_Hough__GB5 PIN 11
INST e_Hough__GB5 PIN 13: GENOME e_Hough__GB5 PIN 13
INST e_Hough__GB5 PIN 14: GENOME e_Hough__GB5 PIN 14
INST e_Hough__GB5 PIN 15: GENOME e_Hough__GB5 PIN 15
INST e_Hough__GB5 PIN 18: GENOME e_Hough__GB5 PIN 18
INST e_Hough__GB12 PIN 1: GENOME e_Hough__GB12 PIN 1
INST e_Hough__GB12 PIN 2: GENOME e_Hough__GB12 PIN 2
INST e_Hough__GB12 PIN 4: GENOME e_Hough__GB12 PIN 4
INST e_Hough__GB12 PIN 5: GENOME e_Hough__GB12 PIN 5
INST e_Hough__GB20 PIN 5481: GENOME e_Hough__GB20 PIN 5481 INST e_Hough__GB14 PIN 5 TYPE 5
INST e_Hough__GB20 PIN 5479: GENOME e_Hough__GB20 PIN 5479
INST e_Hough__GB20 PIN 5482: GENOME e_Hough__GB20 PIN 5482 INST e_Hough__GB14 PIN 23 TYPE 5
INST e_Hough__GB20 PIN 5480: GENOME e_Hough__GB20 PIN 5480
GENOME NON_GENOME PIN 5479: GENOME NON_GENOME PIN 5481
GENOME NON_GENOME PIN 5481: GENOME NON_GENOME PIN 5479
GENOME NON_GENOME PIN 5480: GENOME NON_GENOME PIN 5482
GENOME NON_GENOME PIN 5482: GENOME NON_GENOME PIN 5480
INST e_Hough__GB19 PIN 5991: GENOME e_Hough__GB19 PIN 5991 INST e_Hough__GB11 PIN 0 TYPE 5
INST e_Hough__GB19 PIN 5982: GENOME e_Hough__GB19 PIN 5982
INST e_Hough__GB19 PIN 5992: GENOME e_Hough__GB19 PIN 5992 INST e_Hough__GB11 PIN 1 TYPE 5
INST e_Hough__GB19 PIN 5983: GENOME e_Hough__GB19 PIN 5983
GENOME NON_GENOME PIN 5982: GENOME NON_GENOME PIN 5991
GENOME NON_GENOME PIN 5991: GENOME NON_GENOME PIN 5982
GENOME NON_GENOME PIN 5983: GENOME NON_GENOME PIN 5992
GENOME NON_GENOME PIN 5992: GENOME NON_GENOME PIN 5983
INST e_Hough__GB3 PIN 44: GENOME e_Hough__GB3 PIN 44
INST e_Hough__GB3 PIN 45: GENOME e_Hough__GB3 PIN 45
INST e_Hough__GB3 PIN 46: GENOME e_Hough__GB3 PIN 46
GENOME NON_GENOME PIN 44: GENOME NON_GENOME PIN 8
GENOME NON_GENOME PIN 45: GENOME NON_GENOME PIN 9
GENOME NON_GENOME PIN 46: GENOME NON_GENOME PIN 8
INST e_Hough__GB14 PIN 6: GENOME e_Hough__GB14 PIN 6
INST e_Hough__GB14 PIN 7: GENOME e_Hough__GB14 PIN 7
INST e_Hough__GB14 PIN 11: GENOME e_Hough__GB14 PIN 11
GENOME NON_GENOME PIN 23: GENOME NON_GENOME PIN 6 GENOME NON_GENOME PIN 7 GENOME NON_GENOME PIN 5
INST e_Hough__GB7 PIN 3: GENOME e_Hough__GB7 PIN 3
INST e_Hough__GB7 PIN 4: GENOME e_Hough__GB7 PIN 4
INST e_Hough__GB7 PIN 5: GENOME e_Hough__GB7 PIN 5
INST e_Hough__GB4 PIN 81: GENOME e_Hough__GB4 PIN 81
INST e_Hough__GB4 PIN 279: GENOME e_Hough__GB4 PIN 279
GENOME NON_GENOME PIN 81: GENOME NON_GENOME PIN 8
GENOME NON_GENOME PIN 278: GENOME NON_GENOME PIN 279
GENOME NON_GENOME PIN 279: GENOME NON_GENOME PIN 278
INST e_Hough__GB1 PIN 51: GENOME e_Hough__GB1 PIN 51
INST e_Hough__GB1 PIN 79: GENOME e_Hough__GB1 PIN 79
GENOME NON_GENOME PIN 50: GENOME NON_GENOME PIN 51
GENOME NON_GENOME PIN 51: GENOME NON_GENOME PIN 50
GENOME NON_GENOME PIN 78: GENOME NON_GENOME PIN 79
GENOME NON_GENOME PIN 79: GENOME NON_GENOME PIN 78
INST e_Hough__GB17 PIN 1006: GENOME e_Hough__GB17 PIN 1006 INST e_Hough__GB11 PIN 1 TYPE 5
INST e_Hough__GB17 PIN 1005: GENOME e_Hough__GB17 PIN 1005
GENOME NON_GENOME PIN 1005: GENOME NON_GENOME PIN 1006
GENOME NON_GENOME PIN 1006: GENOME NON_GENOME PIN 1005
INST e_Hough__GB9 PIN 2486: GENOME e_Hough__GB9 PIN 2486 INST e_Hough__GB5 PIN 0 TYPE 5
INST e_Hough__GB9 PIN 2485: GENOME e_Hough__GB9 PIN 2485
GENOME NON_GENOME PIN 2485: GENOME NON_GENOME PIN 2486
GENOME NON_GENOME PIN 2486: GENOME NON_GENOME PIN 2485
INST e_Hough__GB6 PIN 1: GENOME e_Hough__GB6 PIN 1
INST e_Hough__GB15 PIN 167: INST NON_GENOME PIN 1537 TYPE 0
INST e_Hough__GB15 PIN 175: INST NON_GENOME PIN 1557 TYPE 0
INST e_Hough__GB15 PIN 183: INST NON_GENOME PIN 1577 TYPE 0
INST e_Hough__GB15 PIN 191: INST NON_GENOME PIN 1597 TYPE 0
INST e_Hough__GB15 PIN 199: INST NON_GENOME PIN 1617 TYPE 0
INST e_Hough__GB2 PIN 623: INST NON_GENOME PIN 2347 TYPE 0
INST e_Hough__GB2 PIN 615: INST NON_GENOME PIN 2367 TYPE 0
INST e_Hough__GB2 PIN 607: INST NON_GENOME PIN 2387 TYPE 0
INST e_Hough__GB2 PIN 599: INST NON_GENOME PIN 2407 TYPE 0
INST e_Hough__GB2 PIN 471: INST NON_GENOME PIN 2427 TYPE 0
INST e_Hough__GB10 PIN 730: INST NON_GENOME PIN 2977 TYPE 0
INST e_Hough__GB10 PIN 722: INST NON_GENOME PIN 2997 TYPE 0
INST e_Hough__GB10 PIN 714: INST NON_GENOME PIN 3017 TYPE 0
INST e_Hough__GB10 PIN 706: INST NON_GENOME PIN 3037 TYPE 0
INST e_Hough__GB10 PIN 687: INST NON_GENOME PIN 3057 TYPE 0
INST e_Hough__GB10 PIN 407: INST NON_GENOME PIN 3247 TYPE 0
INST e_Hough__GB10 PIN 391: INST NON_GENOME PIN 3267 TYPE 0
INST e_Hough__GB10 PIN 383: INST NON_GENOME PIN 3287 TYPE 0
INST e_Hough__GB10 PIN 351: INST NON_GENOME PIN 3307 TYPE 0
INST e_Hough__GB10 PIN 343: INST NON_GENOME PIN 3327 TYPE 0
INST e_Hough__GB10 PIN 208: INST NON_GENOME PIN 3600 TYPE 0
INST e_Hough__GB10 PIN 209: INST NON_GENOME PIN 3601 TYPE 0
INST e_Hough__GB10 PIN 210: INST NON_GENOME PIN 3602 TYPE 0
INST e_Hough__GB10 PIN 211: INST NON_GENOME PIN 3603 TYPE 0
INST e_Hough__GB10 PIN 212: INST NON_GENOME PIN 3604 TYPE 0
INST e_Hough__GB10 PIN 213: INST NON_GENOME PIN 3605 TYPE 0
INST e_Hough__GB10 PIN 214: INST NON_GENOME PIN 3606 TYPE 0
INST e_Hough__GB10 PIN 215: INST NON_GENOME PIN 3607 TYPE 0
INST e_Hough__GB10 PIN 200: INST NON_GENOME PIN 3620 TYPE 0
INST e_Hough__GB10 PIN 201: INST NON_GENOME PIN 3621 TYPE 0
INST e_Hough__GB10 PIN 202: INST NON_GENOME PIN 3622 TYPE 0
INST e_Hough__GB10 PIN 203: INST NON_GENOME PIN 3623 TYPE 0
INST e_Hough__GB10 PIN 204: INST NON_GENOME PIN 3624 TYPE 0
INST e_Hough__GB10 PIN 205: INST NON_GENOME PIN 3625 TYPE 0
INST e_Hough__GB10 PIN 206: INST NON_GENOME PIN 3626 TYPE 0
INST e_Hough__GB10 PIN 207: INST NON_GENOME PIN 3627 TYPE 0
INST e_Hough__GB10 PIN 192: INST NON_GENOME PIN 3640 TYPE 0
INST e_Hough__GB10 PIN 193: INST NON_GENOME PIN 3641 TYPE 0
INST e_Hough__GB10 PIN 194: INST NON_GENOME PIN 3642 TYPE 0
INST e_Hough__GB10 PIN 195: INST NON_GENOME PIN 3643 TYPE 0
INST e_Hough__GB10 PIN 196: INST NON_GENOME PIN 3644 TYPE 0
INST e_Hough__GB10 PIN 197: INST NON_GENOME PIN 3645 TYPE 0
INST e_Hough__GB10 PIN 198: INST NON_GENOME PIN 3646 TYPE 0
INST e_Hough__GB10 PIN 199: INST NON_GENOME PIN 3647 TYPE 0
INST e_Hough__GB10 PIN 184: INST NON_GENOME PIN 3660 TYPE 0
INST e_Hough__GB10 PIN 185: INST NON_GENOME PIN 3661 TYPE 0
INST e_Hough__GB10 PIN 186: INST NON_GENOME PIN 3662 TYPE 0
INST e_Hough__GB10 PIN 187: INST NON_GENOME PIN 3663 TYPE 0
INST e_Hough__GB10 PIN 188: INST NON_GENOME PIN 3664 TYPE 0
INST e_Hough__GB10 PIN 189: INST NON_GENOME PIN 3665 TYPE 0
INST e_Hough__GB10 PIN 190: INST NON_GENOME PIN 3666 TYPE 0
INST e_Hough__GB10 PIN 191: INST NON_GENOME PIN 3667 TYPE 0
INST e_Hough__GB10 PIN 168: INST NON_GENOME PIN 3680 TYPE 0
INST e_Hough__GB10 PIN 169: INST NON_GENOME PIN 3681 TYPE 0
INST e_Hough__GB10 PIN 170: INST NON_GENOME PIN 3682 TYPE 0
INST e_Hough__GB10 PIN 171: INST NON_GENOME PIN 3683 TYPE 0
INST e_Hough__GB10 PIN 172: INST NON_GENOME PIN 3684 TYPE 0
INST e_Hough__GB10 PIN 173: INST NON_GENOME PIN 3685 TYPE 0
INST e_Hough__GB10 PIN 174: INST NON_GENOME PIN 3686 TYPE 0
INST e_Hough__GB10 PIN 175: INST NON_GENOME PIN 3687 TYPE 0
INST e_Hough__GB4 PIN 130: INST NON_GENOME PIN 4687 TYPE 0
INST e_Hough__GB4 PIN 138: INST NON_GENOME PIN 4707 TYPE 0
INST e_Hough__GB4 PIN 146: INST NON_GENOME PIN 4727 TYPE 0
INST e_Hough__GB4 PIN 154: INST NON_GENOME PIN 4747 TYPE 0
INST e_Hough__GB4 PIN 162: INST NON_GENOME PIN 4767 TYPE 0
INST e_Hough__GB10 PIN 1517: INST NON_GENOME PIN 6487 TYPE 0
INST e_Hough__GB10 PIN 1525: INST NON_GENOME PIN 6507 TYPE 0
INST e_Hough__GB10 PIN 1533: INST NON_GENOME PIN 6527 TYPE 0
INST e_Hough__GB10 PIN 1541: INST NON_GENOME PIN 6547 TYPE 0
INST e_Hough__GB10 PIN 1549: INST NON_GENOME PIN 6567 TYPE 0
INST e_Hough__GB10 PIN 1736: INST NON_GENOME PIN 6937 TYPE 0
INST e_Hough__GB10 PIN 1744: INST NON_GENOME PIN 6957 TYPE 0
INST e_Hough__GB10 PIN 1752: INST NON_GENOME PIN 6977 TYPE 0
INST e_Hough__GB10 PIN 1760: INST NON_GENOME PIN 6997 TYPE 0
INST e_Hough__GB10 PIN 1768: INST NON_GENOME PIN 7017 TYPE 0
INST e_Hough__GB10 PIN 2040: INST NON_GENOME PIN 9907 TYPE 0
INST e_Hough__GB10 PIN 2032: INST NON_GENOME PIN 9927 TYPE 0
INST e_Hough__GB10 PIN 2024: INST NON_GENOME PIN 9947 TYPE 0
INST e_Hough__GB10 PIN 1976: INST NON_GENOME PIN 9967 TYPE 0
INST e_Hough__GB10 PIN 1960: INST NON_GENOME PIN 9987 TYPE 0
INST e_Hough__GB10 PIN 1952: INST NON_GENOME PIN 10537 TYPE 0
INST e_Hough__GB10 PIN 1944: INST NON_GENOME PIN 10557 TYPE 0
INST e_Hough__GB10 PIN 1573: INST NON_GENOME PIN 10577 TYPE 0
INST e_Hough__GB10 PIN 874: INST NON_GENOME PIN 10597 TYPE 0
INST e_Hough__GB10 PIN 890: INST NON_GENOME PIN 10617 TYPE 0
INST e_Hough__GB17 PIN 389: INST NON_GENOME PIN 12877 TYPE 0
INST e_Hough__GB17 PIN 41: INST NON_GENOME PIN 12897 TYPE 0
INST e_Hough__GB17 PIN 33: INST NON_GENOME PIN 12917 TYPE 0
INST e_Hough__GB17 PIN 7: INST NON_GENOME PIN 12937 TYPE 0
INST e_Hough__GB17 PIN 15: INST NON_GENOME PIN 12957 TYPE 0
INST e_Hough__GB10 PIN 2168: INST NON_GENOME PIN 13147 TYPE 0
INST e_Hough__GB10 PIN 2160: INST NON_GENOME PIN 13167 TYPE 0
INST e_Hough__GB10 PIN 2152: INST NON_GENOME PIN 13187 TYPE 0
INST e_Hough__GB10 PIN 2144: INST NON_GENOME PIN 13207 TYPE 0
INST e_Hough__GB10 PIN 2136: INST NON_GENOME PIN 13227 TYPE 0
INST e_Hough__GB17 PIN 445: INST NON_GENOME PIN 13957 TYPE 0
INST e_Hough__GB17 PIN 453: INST NON_GENOME PIN 13977 TYPE 0
INST e_Hough__GB17 PIN 461: INST NON_GENOME PIN 13997 TYPE 0
INST e_Hough__GB17 PIN 469: INST NON_GENOME PIN 14017 TYPE 0
INST e_Hough__GB17 PIN 477: INST NON_GENOME PIN 14037 TYPE 0
INST e_Hough__GB10 PIN 1792: INST NON_GENOME PIN 17017 TYPE 0
INST e_Hough__GB10 PIN 1784: INST NON_GENOME PIN 17037 TYPE 0
INST e_Hough__GB10 PIN 1776: INST NON_GENOME PIN 17057 TYPE 0
INST e_Hough__GB10 PIN 1728: INST NON_GENOME PIN 17077 TYPE 0
INST e_Hough__GB10 PIN 1720: INST NON_GENOME PIN 17097 TYPE 0
INST e_Hough__GB10 PIN 1672: INST NON_GENOME PIN 18367 TYPE 0
INST e_Hough__GB10 PIN 1664: INST NON_GENOME PIN 18387 TYPE 0
INST e_Hough__GB10 PIN 1656: INST NON_GENOME PIN 18407 TYPE 0
INST e_Hough__GB10 PIN 1648: INST NON_GENOME PIN 18427 TYPE 0
INST e_Hough__GB10 PIN 1640: INST NON_GENOME PIN 18447 TYPE 0
INST e_Hough__GB15 PIN 399: INST NON_GENOME PIN 18997 TYPE 0
INST e_Hough__GB15 PIN 359: INST NON_GENOME PIN 19017 TYPE 0
INST e_Hough__GB15 PIN 343: INST NON_GENOME PIN 19037 TYPE 0
INST e_Hough__GB15 PIN 335: INST NON_GENOME PIN 19057 TYPE 0
INST e_Hough__GB15 PIN 327: INST NON_GENOME PIN 19077 TYPE 0
INST e_Hough__GB17 PIN 413: INST NON_GENOME PIN 19357 TYPE 0
INST e_Hough__GB17 PIN 551: INST NON_GENOME PIN 19377 TYPE 0
INST e_Hough__GB17 PIN 559: INST NON_GENOME PIN 19397 TYPE 0
INST e_Hough__GB17 PIN 575: INST NON_GENOME PIN 19417 TYPE 0
INST e_Hough__GB17 PIN 583: INST NON_GENOME PIN 19437 TYPE 0
INST e_Hough__GB10 PIN 1189: INST NON_GENOME PIN 19897 TYPE 0
INST e_Hough__GB10 PIN 1181: INST NON_GENOME PIN 19917 TYPE 0
INST e_Hough__GB10 PIN 1173: INST NON_GENOME PIN 19937 TYPE 0
INST e_Hough__GB10 PIN 1165: INST NON_GENOME PIN 19957 TYPE 0
INST e_Hough__GB10 PIN 1157: INST NON_GENOME PIN 19977 TYPE 0
INST e_Hough__GB17 PIN 868: INST NON_GENOME PIN 20437 TYPE 0
INST e_Hough__GB17 PIN 876: INST NON_GENOME PIN 20457 TYPE 0
INST e_Hough__GB17 PIN 893: INST NON_GENOME PIN 20477 TYPE 0
INST e_Hough__GB17 PIN 901: INST NON_GENOME PIN 20497 TYPE 0
INST e_Hough__GB17 PIN 909: INST NON_GENOME PIN 20517 TYPE 0
INST e_Hough__GB2 PIN 374: INST NON_GENOME PIN 20706 TYPE 0
INST e_Hough__GB2 PIN 375: INST NON_GENOME PIN 20707 TYPE 0
INST e_Hough__GB2 PIN 366: INST NON_GENOME PIN 20726 TYPE 0
INST e_Hough__GB2 PIN 367: INST NON_GENOME PIN 20727 TYPE 0
INST e_Hough__GB2 PIN 358: INST NON_GENOME PIN 20746 TYPE 0
INST e_Hough__GB2 PIN 359: INST NON_GENOME PIN 20747 TYPE 0
INST e_Hough__GB10 PIN 1049: INST NON_GENOME PIN 20766 TYPE 0
INST e_Hough__GB10 PIN 1050: INST NON_GENOME PIN 20767 TYPE 0
INST e_Hough__GB10 PIN 1041: INST NON_GENOME PIN 20786 TYPE 0
INST e_Hough__GB10 PIN 1042: INST NON_GENOME PIN 20787 TYPE 0
INST e_Hough__GB10 PIN 591: INST NON_GENOME PIN 21607 TYPE 0
INST e_Hough__GB10 PIN 583: INST NON_GENOME PIN 21627 TYPE 0
INST e_Hough__GB10 PIN 575: INST NON_GENOME PIN 21647 TYPE 0
INST e_Hough__GB10 PIN 567: INST NON_GENOME PIN 21667 TYPE 0
INST e_Hough__GB10 PIN 559: INST NON_GENOME PIN 21687 TYPE 0
INST e_Hough__GB10 PIN 471: INST NON_GENOME PIN 22957 TYPE 0
INST e_Hough__GB10 PIN 463: INST NON_GENOME PIN 22977 TYPE 0
INST e_Hough__GB10 PIN 375: INST NON_GENOME PIN 22997 TYPE 0
INST e_Hough__GB10 PIN 367: INST NON_GENOME PIN 23017 TYPE 0
INST e_Hough__GB10 PIN 359: INST NON_GENOME PIN 23037 TYPE 0
INST e_Hough__GB17 PIN 137: INST NON_GENOME PIN 25567 TYPE 0
INST e_Hough__GB17 PIN 209: INST NON_GENOME PIN 25587 TYPE 0
INST e_Hough__GB17 PIN 217: INST NON_GENOME PIN 25607 TYPE 0
INST e_Hough__GB17 PIN 225: INST NON_GENOME PIN 25627 TYPE 0
INST e_Hough__GB17 PIN 233: INST NON_GENOME PIN 25647 TYPE 0
INST e_Hough__GB1 PIN 156: INST NON_GENOME PIN 25717 TYPE 0
INST e_Hough__GB15 PIN 279: INST NON_GENOME PIN 27457 TYPE 0
INST e_Hough__GB15 PIN 271: INST NON_GENOME PIN 27477 TYPE 0
INST e_Hough__GB15 PIN 263: INST NON_GENOME PIN 27497 TYPE 0
INST e_Hough__GB15 PIN 255: INST NON_GENOME PIN 27517 TYPE 0
INST e_Hough__GB15 PIN 247: INST NON_GENOME PIN 27537 TYPE 0
INST e_Hough__GB15 PIN 239: INST NON_GENOME PIN 27817 TYPE 0
INST e_Hough__GB15 PIN 231: INST NON_GENOME PIN 27837 TYPE 0
INST e_Hough__GB15 PIN 223: INST NON_GENOME PIN 27857 TYPE 0
INST e_Hough__GB15 PIN 215: INST NON_GENOME PIN 27877 TYPE 0
INST e_Hough__GB15 PIN 207: INST NON_GENOME PIN 27897 TYPE 0
INST e_Hough__GB17 PIN 372: INST NON_GENOME PIN 27907 TYPE 0
INST e_Hough__GB17 PIN 364: INST NON_GENOME PIN 27927 TYPE 0
INST e_Hough__GB17 PIN 315: INST NON_GENOME PIN 27947 TYPE 0
INST e_Hough__GB17 PIN 307: INST NON_GENOME PIN 27967 TYPE 0
INST e_Hough__GB17 PIN 299: INST NON_GENOME PIN 27987 TYPE 0
INST e_Hough__GB2 PIN 215: INST NON_GENOME PIN 31057 TYPE 0
INST e_Hough__GB2 PIN 231: INST NON_GENOME PIN 31077 TYPE 0
INST e_Hough__GB2 PIN 239: INST NON_GENOME PIN 31097 TYPE 0
INST e_Hough__GB2 PIN 247: INST NON_GENOME PIN 31117 TYPE 0
INST e_Hough__GB2 PIN 255: INST NON_GENOME PIN 31137 TYPE 0
INST e_Hough__GB17 PIN 600: INST NON_GENOME PIN 32137 TYPE 0
INST e_Hough__GB17 PIN 609: INST NON_GENOME PIN 32157 TYPE 0
INST e_Hough__GB17 PIN 617: INST NON_GENOME PIN 32177 TYPE 0
INST e_Hough__GB17 PIN 625: INST NON_GENOME PIN 32217 TYPE 0
INST e_Hough__GB17 PIN 633: INST NON_GENOME PIN 32227 TYPE 0
INST e_Hough__GB17 PIN 641: INST NON_GENOME PIN 32247 TYPE 0
INST e_Hough__GB17 PIN 649: INST NON_GENOME PIN 32267 TYPE 0
INST e_Hough__GB17 PIN 657: INST NON_GENOME PIN 32287 TYPE 0
INST e_Hough__GB17 PIN 665: INST NON_GENOME PIN 32307 TYPE 0
INST e_Hough__GB17 PIN 673: INST NON_GENOME PIN 32317 TYPE 0
INST e_Hough__GB17 PIN 541: INST NON_GENOME PIN 32337 TYPE 0
INST e_Hough__GB17 PIN 533: INST NON_GENOME PIN 32357 TYPE 0
INST e_Hough__GB17 PIN 485: INST NON_GENOME PIN 32377 TYPE 0
INST e_Hough__GB17 PIN 437: INST NON_GENOME PIN 32397 TYPE 0
INST e_Hough__GB17 PIN 89: INST NON_GENOME PIN 33397 TYPE 0
INST e_Hough__GB17 PIN 97: INST NON_GENOME PIN 33417 TYPE 0
INST e_Hough__GB17 PIN 105: INST NON_GENOME PIN 33437 TYPE 0
INST e_Hough__GB17 PIN 145: INST NON_GENOME PIN 33457 TYPE 0
INST e_Hough__GB17 PIN 177: INST NON_GENOME PIN 33477 TYPE 0
INST e_Hough__GB17 PIN 493: INST NON_GENOME PIN 34477 TYPE 0
INST e_Hough__GB17 PIN 501: INST NON_GENOME PIN 34497 TYPE 0
INST e_Hough__GB17 PIN 509: INST NON_GENOME PIN 34517 TYPE 0
INST e_Hough__GB17 PIN 517: INST NON_GENOME PIN 34537 TYPE 0
INST e_Hough__GB17 PIN 525: INST NON_GENOME PIN 34557 TYPE 0
INST e_Hough__GB1 PIN 18: INST NON_GENOME PIN 35237 TYPE 0
INST e_Hough__GB15 PIN 119: INST NON_GENOME PIN 36727 TYPE 0
INST e_Hough__GB15 PIN 127: INST NON_GENOME PIN 36747 TYPE 0
INST e_Hough__GB15 PIN 135: INST NON_GENOME PIN 36767 TYPE 0
INST e_Hough__GB15 PIN 143: INST NON_GENOME PIN 36787 TYPE 0
INST e_Hough__GB15 PIN 151: INST NON_GENOME PIN 36807 TYPE 0
INST e_Hough__GB17 PIN 49: INST NON_GENOME PIN 38077 TYPE 0
INST e_Hough__GB17 PIN 57: INST NON_GENOME PIN 38097 TYPE 0
INST e_Hough__GB17 PIN 65: INST NON_GENOME PIN 38117 TYPE 0
INST e_Hough__GB17 PIN 201: INST NON_GENOME PIN 38137 TYPE 0
INST e_Hough__GB17 PIN 241: INST NON_GENOME PIN 38157 TYPE 0
INST e_Hough__GB1 PIN 98: INST NON_GENOME PIN 38437 TYPE 0
INST e_Hough__GB1 PIN 68: INST NON_GENOME PIN 38457 TYPE 0
INST e_Hough__GB1 PIN 60: INST NON_GENOME PIN 38477 TYPE 0
INST e_Hough__GB1 PIN 48: INST NON_GENOME PIN 38497 TYPE 0
INST e_Hough__GB1 PIN 40: INST NON_GENOME PIN 38517 TYPE 0
INST e_Hough__GB4 PIN 16: INST NON_GENOME PIN 38887 TYPE 0
INST e_Hough__GB4 PIN 24: INST NON_GENOME PIN 38907 TYPE 0
INST e_Hough__GB4 PIN 32: INST NON_GENOME PIN 38927 TYPE 0
INST e_Hough__GB4 PIN 40: INST NON_GENOME PIN 38947 TYPE 0
INST e_Hough__GB4 PIN 48: INST NON_GENOME PIN 38967 TYPE 0
INST e_Hough__GB10 PIN 842: INST NON_GENOME PIN 39067 TYPE 0
INST e_Hough__GB10 PIN 834: INST NON_GENOME PIN 39087 TYPE 0
INST e_Hough__GB10 PIN 826: INST NON_GENOME PIN 39107 TYPE 0
INST e_Hough__GB10 PIN 738: INST NON_GENOME PIN 39127 TYPE 0
INST e_Hough__GB10 PIN 127: INST NON_GENOME PIN 39147 TYPE 0
INST e_Hough__GB10 PIN 87: INST NON_GENOME PIN 40057 TYPE 0
INST e_Hough__GB10 PIN 95: INST NON_GENOME PIN 40077 TYPE 0
INST e_Hough__GB10 PIN 103: INST NON_GENOME PIN 40097 TYPE 0
INST e_Hough__GB10 PIN 111: INST NON_GENOME PIN 40117 TYPE 0
INST e_Hough__GB10 PIN 119: INST NON_GENOME PIN 40137 TYPE 0
INST e_Hough__GB17 PIN 681: INST NON_GENOME PIN 40207 TYPE 0
INST e_Hough__GB17 PIN 959: INST NON_GENOME PIN 40687 TYPE 0
INST e_Hough__GB17 PIN 951: INST NON_GENOME PIN 40707 TYPE 0
INST e_Hough__GB17 PIN 943: INST NON_GENOME PIN 40727 TYPE 0
INST e_Hough__GB17 PIN 935: INST NON_GENOME PIN 40747 TYPE 0
INST e_Hough__GB17 PIN 927: INST NON_GENOME PIN 40767 TYPE 0
INST e_Hough__GB17 PIN 698: INST NON_GENOME PIN 42847 TYPE 0
INST e_Hough__GB17 PIN 706: INST NON_GENOME PIN 42867 TYPE 0
INST e_Hough__GB17 PIN 723: INST NON_GENOME PIN 42887 TYPE 0
INST e_Hough__GB17 PIN 748: INST NON_GENOME PIN 42907 TYPE 0
INST e_Hough__GB17 PIN 756: INST NON_GENOME PIN 42927 TYPE 0
INST e_Hough__GB17 PIN 764: INST NON_GENOME PIN 42937 TYPE 0
INST e_Hough__GB17 PIN 772: INST NON_GENOME PIN 42957 TYPE 0
INST e_Hough__GB17 PIN 780: INST NON_GENOME PIN 42977 TYPE 0
INST e_Hough__GB17 PIN 836: INST NON_GENOME PIN 42997 TYPE 0
INST e_Hough__GB17 PIN 844: INST NON_GENOME PIN 43017 TYPE 0
