
*** Running vivado
    with args -log e_Hough.vds -m64 -stack 2000 -product Vivado -mode batch -messageDb vivado.pb -notrace -source e_Hough.tcl

awk: symbol lookup error: awk: undefined symbol: mpfr_z_sub
awk: symbol lookup error: awk: undefined symbol: mpfr_z_sub

****** Vivado v2022.2.2 (64-bit)
  **** SW Build 3788238 on Tue Feb 21 19:59:23 MST 2023
  **** IP Build 3783773 on Tue Feb 21 23:41:56 MST 2023
    ** Copyright 1986-2023 Xilinx, Inc. All Rights Reserved.

source e_Hough.tcl -notrace
create_project: Time (s): cpu = 00:00:05 ; elapsed = 00:00:06 . Memory (MB): peak = 4342.527 ; gain = 95.055 ; free physical = 73260 ; free virtual = 273439
Command: read_checkpoint -auto_incremental -incremental /home/ubhks/masterarbeit_ubhks/git_work/Hough_Vhdl/Hough_Vhdl.srcs/utils_1/imports/synth_1/e_Hough.dcp
INFO: [Vivado 12-5825] Read reference checkpoint from /home/ubhks/masterarbeit_ubhks/git_work/Hough_Vhdl/Hough_Vhdl.srcs/utils_1/imports/synth_1/e_Hough.dcp for incremental synthesis
INFO: [Vivado 12-7989] Please ensure there are no constraint changes
read_checkpoint: Time (s): cpu = 00:00:05 ; elapsed = 00:00:08 . Memory (MB): peak = 4360.371 ; gain = 17.844 ; free physical = 72140 ; free virtual = 273442
Command: synth_design -top e_Hough -part xcvu160-flgb2104-2-e
Starting synth_design
Attempting to get a license for feature 'Synthesis' and/or device 'xcvu160'
INFO: [Common 17-349] Got license for feature 'Synthesis' and/or device 'xcvu160'
INFO: [Device 21-403] Loading part xcvu160-flgb2104-2-e
INFO: [Synth 8-7079] Multithreading enabled for synth_design using a maximum of 4 processes.
INFO: [Synth 8-7078] Launching helper process for spawning children vivado processes
INFO: [Synth 8-7075] Helper process launched with PID 3109542
INFO: [Synth 8-11241] undeclared symbol 'REGCCE', assumed default net type 'wire' [/tools/xilinx/Vivado/2022.2/data/verilog/src/unimacro/BRAM_SINGLE_MACRO.v:2170]
---------------------------------------------------------------------------------
Starting RTL Elaboration : Time (s): cpu = 00:00:04 ; elapsed = 00:00:04 . Memory (MB): peak = 5585.684 ; gain = 364.801 ; free physical = 70785 ; free virtual = 272087
Synthesis current peak Physical Memory [PSS] (MB): peak = 2914.176; parent = 2662.598; children = 251.578
Synthesis current peak Virtual Memory [VSS] (MB): peak = 7178.867; parent = 5585.688; children = 1593.180
---------------------------------------------------------------------------------
INFO: [Synth 8-638] synthesizing module 'e_Hough' [/home/ubhks/masterarbeit_ubhks/git_work/Hough_Vhdl/Hough_Vhdl.srcs/sources_1/new/e_Hough.vhd:27]
INFO: [Synth 8-256] done synthesizing module 'e_Hough' (0#1) [/home/ubhks/masterarbeit_ubhks/git_work/Hough_Vhdl/Hough_Vhdl.srcs/sources_1/new/e_Hough.vhd:27]
/tools/xilinx/Vivado/2022.2/bin/loader: line 312: 3107306 Killed                  "$RDI_PROG" "$@"
Parent process (pid 3107306) has died. This helper process will now exit
